Thu Nov  6 22:41:53 2025: ====================================================================================================
Thu Nov  6 22:41:53 2025: [INFO] - Starting to parse file: items.csv
Thu Nov  6 22:41:53 2025: [DEBUG] - Parsing line: Annihilation Constrain Sphere,"1- Particle Collider,1- Processor"
Thu Nov  6 22:41:53 2025: [DEBUG] - Parsing line: Antimatter Capsule,"1- Plasma Capsule,1- Particle Container,10- Hydrogen,10- Antimatter"
Thu Nov  6 22:41:53 2025: [DEBUG] - Parsing line: Antimatter Fuel Rod,"12- Antimatter,12- Hydrogen,1- Annihilation Constrains Sphere,1- Titanium Alloy"
Thu Nov  6 22:41:53 2025: [DEBUG] - Parsing line: Attack Drone,"1- Prototype,1- Electromagnetic Turbine,1- Processor,1- Particle Container"
Thu Nov  6 22:41:53 2025: [DEBUG] - Parsing line: Carbon Nanotube,"3- Graphene,1- Titanium Ingot"
Thu Nov  6 22:41:53 2025: [DEBUG] - Parsing line: Carbon Nanotube,"6- Stalagmite Crystal"
Thu Nov  6 22:41:53 2025: [DEBUG] - Parsing line: Casimir Crystal,"1- Titanium Crystal,2- Graphene,12- Hydrogen"
Thu Nov  6 22:41:53 2025: [DEBUG] - Parsing line: Casimir Crystal,"3- Grating Crystal,2- Graphene,12- Hydrogen"
Thu Nov  6 22:41:53 2025: [DEBUG] - Parsing line: Circuit Board,"2- Iron Ingot,1- Copper Ingot"
Thu Nov  6 22:41:53 2025: [DEBUG] - Parsing line: Combustible Unit,"3- Coal"
Thu Nov  6 22:41:53 2025: [DEBUG] - Parsing line: Copper Ingot,"1- Copper Ore"
Thu Nov  6 22:41:53 2025: [DEBUG] - Parsing line: Corvette,"5- Titanium Alloy,1- Reinforced Thruster,2- Processor,3- Particle Container"
Thu Nov  6 22:41:53 2025: [DEBUG] - Parsing line: Crystal Explosive Unit,"8- Combustible Unit,1- Casimir Crystal,8- Crystal Silicon"
Thu Nov  6 22:41:53 2025: [DEBUG] - Parsing line: Crystal Shell Set,"1- High-Explosive Shell Set,3- Titanium Alloy,2- Crystal Explosive Unit"
Thu Nov  6 22:41:53 2025: [DEBUG] - Parsing line: Crystal Silicon,"1- High-Purity Silicon"
Thu Nov  6 22:41:53 2025: [DEBUG] - Parsing line: Crystal Silicon,"1- Fractal Silicon"
Thu Nov  6 22:41:53 2025: [DEBUG] - Parsing line: Destroyer,"20- Frame Material,4- Reinforced Thruster,4- Processor,1- Strange Matter"
Thu Nov  6 22:41:53 2025: [DEBUG] - Parsing line: Deuterium,"10- Hydrogen"
Thu Nov  6 22:41:53 2025: [DEBUG] - Parsing line: Deuteron Fuel Rod,"1- Titanium Alloy,20- Hydrogen,1- Supermagnetic Ring"
Thu Nov  6 22:41:53 2025: [DEBUG] - Parsing line: Diamond,"1- Energetic Graphite"
Thu Nov  6 22:41:53 2025: [DEBUG] - Parsing line: Diamond,"1- Kimberlite Ore"
Thu Nov  6 22:41:53 2025: [DEBUG] - Parsing line: Deuterium Fractionation,"1- Hydrogen"
Thu Nov  6 22:41:53 2025: [DEBUG] - Parsing line: Dyson Sphere Component,"3- Frame Material,3- Solar Sail,3- Processor"
Thu Nov  6 22:41:53 2025: [DEBUG] - Parsing line: Electric Motor,"2- Iron Ingot,1- Gear,1- Magnetic Coil"
Thu Nov  6 22:41:53 2025: [DEBUG] - Parsing line: Electromagnetic Turbine,"2- Electric Motor,2- Electromagnetic Coil"
Thu Nov  6 22:41:53 2025: [DEBUG] - Parsing line: Electromagnetic Matrix,"1- Magnetic Coil,1- Circuit Board"
Thu Nov  6 22:41:53 2025: [DEBUG] - Parsing line: Energetic Graphite,"2- Coal"
Thu Nov  6 22:41:53 2025: [DEBUG] - Parsing line: Energy Matrix,"2- Energetic Graphite,2- Hydrogen"
Thu Nov  6 22:41:53 2025: [DEBUG] - Parsing line: Engine,"1- Magnetic Coil,2- Copper Ingot"
Thu Nov  6 22:41:53 2025: [DEBUG] - Parsing line: Explosive Unit,"2- Combustible Unit,2- Plastic,1- Sulfuric Acid"
Thu Nov  6 22:41:53 2025: [DEBUG] - Parsing line: Foundation,"3- Stone Brick,1- Steel"
Thu Nov  6 22:41:53 2025: [DEBUG] - Parsing line: Frame Material,"4- Carbon Nanotube,1- Titanium Alloy,1- High-Purity Silicon"
Thu Nov  6 22:41:53 2025: [DEBUG] - Parsing line: Gear,"1- Iron Ingot"
Thu Nov  6 22:41:53 2025: [DEBUG] - Parsing line: Glass,"4- Stone"
Thu Nov  6 22:41:53 2025: [DEBUG] - Parsing line: Graphene,"1- Sulfuric Acid,3- Energetic Graphite"
Thu Nov  6 22:41:53 2025: [DEBUG] - Parsing line: Graphene,"2- Fire Ice"
Thu Nov  6 22:41:53 2025: [DEBUG] - Parsing line: Gravitation Lens,"4- Diamond,1- Strange Matter"
Thu Nov  6 22:41:53 2025: [DEBUG] - Parsing line: Gravity Matrix,"1- Graviton Lens,1- Quantum Chip"
Thu Nov  6 22:41:53 2025: [DEBUG] - Parsing line: Gravity Missile Set,"3- Supersonic Missile Set,6- Crystal Explosive Unit,3- Strange Matter"
Thu Nov  6 22:41:53 2025: [DEBUG] - Parsing line: High-Explosive Shell Set,"1- Shell Set,6- Titanium Ingot,2- Explosive Unit"
Thu Nov  6 22:41:53 2025: [DEBUG] - Parsing line: High-Purity Silicon,"2- Silicon Ore"
Thu Nov  6 22:41:53 2025: [DEBUG] - Parsing line: Hydrogen Fuel Rod,"10- Hydrogen,1- Titanium Ingot"
Thu Nov  6 22:41:53 2025: [DEBUG] - Parsing line: Information Matrix,"2- Processor,1- Particle Broadband"
Thu Nov  6 22:41:53 2025: [DEBUG] - Parsing line: Interstellar Logistics Carrier,"10- Titanium Alloy,10- Processor,2- Reinforced Thruster"
Thu Nov  6 22:41:53 2025: [DEBUG] - Parsing line: Iron Ingot,"1- Iron Ore"
Thu Nov  6 22:41:53 2025: [DEBUG] - Parsing line: Jamming Capsule,"1- Electromagnetic Turbine,1- Plasma Exciter,3- Hydrogen"
Thu Nov  6 22:41:53 2025: [DEBUG] - Parsing line: Logistics Bot,"2- Iron Ingot,1- Engine,1- Processor"
Thu Nov  6 22:41:53 2025: [DEBUG] - Parsing line: Logistics Drone,"5- Iron Ingot,2- Processor,2- Thruster"
Thu Nov  6 22:41:53 2025: [DEBUG] - Parsing line: Magnet,"1- Iron Ore"
Thu Nov  6 22:41:53 2025: [DEBUG] - Parsing line: Magnetic Coil,"2- Magnet,1- Copper Ingot"
Thu Nov  6 22:41:53 2025: [DEBUG] - Parsing line: Magnum Ammo Box,"3- Copper Ingot"
Thu Nov  6 22:41:53 2025: [DEBUG] - Parsing line: Mass Energy Storage,"2- Critical Photon"
Thu Nov  6 22:41:53 2025: [DEBUG] - Parsing line: Microcrystalline Component,"2- High-Purity Silicon,1- Copper Ingot"
Thu Nov  6 22:41:53 2025: [DEBUG] - Parsing line: Missile Set,"6- Copper Ingot,3- Circuit Board,2- Combustible Unit,1- Engine"
Thu Nov  6 22:41:53 2025: [DEBUG] - Parsing line: Organic Crystal,"2- Plastic,1- Refined Oil,1- Water"
Thu Nov  6 22:41:53 2025: [DEBUG] - Parsing line: Particle Broadband,"2- Carbon Nanotube,2- Crystal Silicon,1- Plastic"
Thu Nov  6 22:41:53 2025: [DEBUG] - Parsing line: Particle Container,"2- Electromagnetic Turbine,2- Copper Ingot,2- Graphene"
Thu Nov  6 22:41:53 2025: [DEBUG] - Parsing line: Particle Container,"10- Unipolar Magnet,2- Copper Ingot"
Thu Nov  6 22:41:53 2025: [DEBUG] - Parsing line: Photon Combiner,"2- Prism,1- Circuit Board"
Thu Nov  6 22:41:53 2025: [DEBUG] - Parsing line: Photon Combiner,"1- Grating Crystal,1- Circuit Board"
Thu Nov  6 22:41:53 2025: [DEBUG] - Parsing line: Plane Filter,"1- Casimir Crystal,2- Titanium Glass"
Thu Nov  6 22:41:53 2025: [DEBUG] - Parsing line: Plasma Capsule,"1- Graphene,2- Magnet,10- Deuterium"
Thu Nov  6 22:41:53 2025: [DEBUG] - Parsing line: Plasma Exciter,"4- Magnetic Coil,2- Prism"
Thu Nov  6 22:41:53 2025: [DEBUG] - Parsing line: Plasma Refining,"1- Crude Oil,2- Hydrogen"
Thu Nov  6 22:41:53 2025: [DEBUG] - Parsing line: Plastic,"1- Energetic Graphite,2- Refined Oil"
Thu Nov  6 22:41:53 2025: [DEBUG] - Parsing line: Precision Drone,"1- Prototype,1- Electromagnetic Turbine,2- Circuit Board,2- Photon Combiner"
Thu Nov  6 22:41:53 2025: [DEBUG] - Parsing line: Prism,"3- Glass"
Thu Nov  6 22:41:53 2025: [DEBUG] - Parsing line: Processor,"2- Circuit Board,2- Microcrystalline Component"
Thu Nov  6 22:41:53 2025: [DEBUG] - Parsing line: Proliferator MK I,"1- Coal"
Thu Nov  6 22:41:53 2025: [DEBUG] - Parsing line: Proliferator MK II,"2- Proliferator MK I,1- Diamond"
Thu Nov  6 22:41:53 2025: [DEBUG] - Parsing line: Proliferator MK III,"2- Proliferator MK II,1- Carbon Nanotube"
Thu Nov  6 22:41:53 2025: [DEBUG] - Parsing line: Prototype,"3- Iron Ingot,1- Engine,2- Circuit Board,1- Plasma Exciter"
Thu Nov  6 22:41:53 2025: [DEBUG] - Parsing line: Quantum Chip,"2- Processor,2- Plane Filter"
Thu Nov  6 22:41:53 2025: [DEBUG] - Parsing line: Reformed Refinement,"2- Refined Oil,1- Hydrogen,1- Coal"
Thu Nov  6 22:41:53 2025: [DEBUG] - Parsing line: Reinforced Thruster,"5- Titanium Alloy,5- Electromagnetic Turbine"
Thu Nov  6 22:41:53 2025: [DEBUG] - Parsing line: Shell Set,"9- Copper Ingot,2- Combustible Unit"
Thu Nov  6 22:41:53 2025: [DEBUG] - Parsing line: Silicon Ore,"10- Stone"
Thu Nov  6 22:41:53 2025: [DEBUG] - Parsing line: Small Carrier Rocket,"2- Dyson Sphere Component,4- Deuteron Fuel Rod,2- Quantum Chip"
Thu Nov  6 22:41:53 2025: [DEBUG] - Parsing line: Solar Sail,"1- Graphene,1- Photon Combiner"
Thu Nov  6 22:41:53 2025: [DEBUG] - Parsing line: Space Warper,"1- Graviton Lens"
Thu Nov  6 22:41:53 2025: [DEBUG] - Parsing line: Space Warper,"1- Gravity Matrix"
Thu Nov  6 22:41:53 2025: [DEBUG] - Parsing line: Steel,"3- Iron Ingot"
Thu Nov  6 22:41:53 2025: [DEBUG] - Parsing line: Stone Brick,"1- Stone"
Thu Nov  6 22:41:53 2025: [DEBUG] - Parsing line: Strange Annihilation Fuel Rod,"8- Antimatter Fuel Rod,1- Core Element,2- Strange Matter,1- Frame Material"
Thu Nov  6 22:41:53 2025: [DEBUG] - Parsing line: Strange Matter,"2- Particle Container,2- Iron Ingot,10- Deuterium"
Thu Nov  6 22:41:53 2025: [DEBUG] - Parsing line: Structure Matrix,"1- Diamond,1- Titanium Crystal"
Thu Nov  6 22:41:53 2025: [DEBUG] - Parsing line: Sulfuric Acid,"6- Refined Oil,8- Stone,4- Water"
Thu Nov  6 22:41:53 2025: [DEBUG] - Parsing line: Superalloy Ammo Box,"1- Titanium Ammo Box,1- Titanium Alloy"
Thu Nov  6 22:41:53 2025: [DEBUG] - Parsing line: Super-Magnetic Ring,"2- Electromagnetic Turbine,3- Magnet,1- Energetic Graphite"
Thu Nov  6 22:41:53 2025: [DEBUG] - Parsing line: Supersonic Missile Set,"2- Missile Set,4- Processor,4- Explosive Unit,2- Thruster"
Thu Nov  6 22:41:53 2025: [DEBUG] - Parsing line: Suppressing Capsule,"2- Jamming Capsule,1- Supermagnetic Ring,2- Titanium Glass"
Thu Nov  6 22:41:53 2025: [DEBUG] - Parsing line: Thruster,"2- Steel,3- Copper Ingot"
Thu Nov  6 22:41:53 2025: [DEBUG] - Parsing line: Titanium Alloy,"4- Titanium Ingot,4- Steel,8- Sulfuric Acid"
Thu Nov  6 22:41:53 2025: [DEBUG] - Parsing line: Titanium Ammo Box,"1- Magnum Ammo Box,2- Titanium Ingot"
Thu Nov  6 22:41:53 2025: [DEBUG] - Parsing line: Titanium Crystal,"1- Organic Crystal,3- Titanium Ingot"
Thu Nov  6 22:41:53 2025: [DEBUG] - Parsing line: Titanium Glass,"2- Glass,2- Titanium Ingot,2- Water"
Thu Nov  6 22:41:53 2025: [DEBUG] - Parsing line: Titanium Ingot,"2- Titanium Ore"
Thu Nov  6 22:41:53 2025: [DEBUG] - Parsing line: Universe Matrix,"1- Electromagnetic Matrix,1- Energy Matrix,1- Structure Matrix,1- Information Matrix,1- Gravity Matrix,1- Antimatter"
Thu Nov  6 22:41:53 2025: [DEBUG] - Parsing line: X-Ray Cracking,"1- Refined Oil,2- Hydrogen"
Thu Nov  6 22:41:53 2025: [INFO] - Finished parsing file: items.csv
Thu Nov  6 22:41:53 2025: [INFO] - Saved transformed data to: items.json
Thu Nov  6 22:41:53 2025: [INFO] - items.json saved successfully.
Thu Nov  6 22:41:53 2025: ====================================================================================================
